#
# There is insufficient memory for the Java Runtime Environment to continue.
# Native memory allocation (malloc) failed to allocate 955696 bytes for Chunk::new
# Possible reasons:
#   The system is out of physical RAM or swap space
#   The process is running with CompressedOops enabled, and the Java Heap may be blocking the growth of the native heap
# Possible solutions:
#   Reduce memory load on the system
#   Increase physical memory or swap space
#   Check if swap backing store is full
#   Decrease Java heap size (-Xmx/-Xms)
#   Decrease number of Java threads
#   Decrease Java thread stack sizes (-Xss)
#   Set larger code cache with -XX:ReservedCodeCacheSize=
#   JVM is running with Unscaled Compressed Oops mode in which the Java heap is
#     placed in the first 4GB address space. The Java Heap base address is the
#     maximum limit for the native heap growth. Please use -XX:HeapBaseMinAddress
#     to set the Java Heap base and to place the Java Heap above 4GB virtual address.
# This output file may be truncated or incomplete.
#
#  Out of Memory Error (arena.cpp:191), pid=612, tid=12820
#
# JRE version: OpenJDK Runtime Environment (17.0.9) (build 17.0.9+0--11185874)
# Java VM: OpenJDK 64-Bit Server VM (17.0.9+0--11185874, mixed mode, tiered, compressed oops, compressed class ptrs, g1 gc, windows-amd64)
# No core dump will be written. Minidumps are not enabled by default on client versions of Windows
#

---------------  S U M M A R Y ------------

Command Line: --add-opens=java.base/java.util=ALL-UNNAMED --add-opens=java.base/java.lang=ALL-UNNAMED --add-opens=java.base/java.lang.invoke=ALL-UNNAMED --add-opens=java.prefs/java.util.prefs=ALL-UNNAMED --add-opens=java.base/java.nio.charset=ALL-UNNAMED --add-opens=java.base/java.net=ALL-UNNAMED --add-opens=java.base/java.util.concurrent.atomic=ALL-UNNAMED -Xmx2048m -Dfile.encoding=UTF-8 -Duser.country=IN -Duser.language=en -Duser.variant -javaagent:C:\Users\a\.gradle\wrapper\dists\gradle-8.4-bin\1w5dpkrfk8irigvoxmyhowfim\gradle-8.4\lib\agents\gradle-instrumentation-agent-8.4.jar org.gradle.launcher.daemon.bootstrap.GradleDaemon 8.4

Host: 11th Gen Intel(R) Core(TM) i5-1135G7 @ 2.40GHz, 8 cores, 7G,  Windows 10 , 64 bit Build 19041 (10.0.19041.4597)
Time: Mon Jul 15 12:13:20 2024 India Standard Time elapsed time: 8.235571 seconds (0d 0h 0m 8s)

---------------  T H R E A D  ---------------

Current thread (0x0000021fce04c570):  JavaThread "C2 CompilerThread0" daemon [_thread_in_native, id=12820, stack(0x000000bbf5700000,0x000000bbf5800000)]


Current CompileTask:
C2:   8235 6180       4       java.lang.invoke.MethodType::makeImpl (109 bytes)

Stack: [0x000000bbf5700000,0x000000bbf5800000]
Native frames: (J=compiled Java code, j=interpreted, Vv=VM code, C=native code)
V  [jvm.dll+0x6886e9]
V  [jvm.dll+0x841e4a]
V  [jvm.dll+0x843a8e]
V  [jvm.dll+0x8440f3]
V  [jvm.dll+0x24c14f]
V  [jvm.dll+0xac44c]
V  [jvm.dll+0xaca9c]
V  [jvm.dll+0x2b376f]
V  [jvm.dll+0x590767]
V  [jvm.dll+0x226762]
V  [jvm.dll+0x226b4f]
V  [jvm.dll+0x21fc76]
V  [jvm.dll+0x21d0c1]
V  [jvm.dll+0x1a674d]
V  [jvm.dll+0x22d088]
V  [jvm.dll+0x22b1c0]
V  [jvm.dll+0x7f62f7]
V  [jvm.dll+0x7f06aa]
V  [jvm.dll+0x687565]
C  [ucrtbase.dll+0x21bb2]
C  [KERNEL32.DLL+0x17374]
C  [ntdll.dll+0x4cc91]


---------------  P R O C E S S  ---------------

Threads class SMR info:
_java_thread_list=0x0000021fd1b73000, length=51, elements={
0x0000021faffb4dd0, 0x0000021fc9e3b460, 0x0000021fc9e3d6e0, 0x0000021fce032a20,
0x0000021fce0401b0, 0x0000021fce044eb0, 0x0000021fce046540, 0x0000021fce04c570,
0x0000021fce0528e0, 0x0000021fce0541b0, 0x0000021fc9dc18f0, 0x0000021fce37fc90,
0x0000021fcfae50f0, 0x0000021fcfbab4a0, 0x0000021fcfe7cd20, 0x0000021fcfe2bb90,
0x0000021fcfc48a60, 0x0000021fcfc90a00, 0x0000021fcfc90ee0, 0x0000021fcfc75480,
0x0000021fcf9d76b0, 0x0000021fcf9d9510, 0x0000021fcf9d9a20, 0x0000021fcf9d9000,
0x0000021fcf9d85e0, 0x0000021fcf9d9f30, 0x0000021fcf9d80d0, 0x0000021fcf9d8af0,
0x0000021fcf9d6780, 0x0000021fcf9d6c90, 0x0000021fcf9d71a0, 0x0000021fd02252a0,
0x0000021fd0222f30, 0x0000021fd0224d90, 0x0000021fd0227b20, 0x0000021fd02257b0,
0x0000021fd0228a50, 0x0000021fd0226bf0, 0x0000021fd0225cc0, 0x0000021fd0224880,
0x0000021fd0223440, 0x0000021fd0223950, 0x0000021fd02261d0, 0x0000021fd0222510,
0x0000021fd0227100, 0x0000021fd0222a20, 0x0000021fd0223e60, 0x0000021fd0224370,
0x0000021fd0227610, 0x0000021fd02266e0, 0x0000021fd0229470
}

Java Threads: ( => current thread )
  0x0000021faffb4dd0 JavaThread "main" [_thread_blocked, id=7272, stack(0x000000bbf4a00000,0x000000bbf4b00000)]
  0x0000021fc9e3b460 JavaThread "Reference Handler" daemon [_thread_blocked, id=15572, stack(0x000000bbf5100000,0x000000bbf5200000)]
  0x0000021fc9e3d6e0 JavaThread "Finalizer" daemon [_thread_blocked, id=5668, stack(0x000000bbf5200000,0x000000bbf5300000)]
  0x0000021fce032a20 JavaThread "Signal Dispatcher" daemon [_thread_blocked, id=14708, stack(0x000000bbf5300000,0x000000bbf5400000)]
  0x0000021fce0401b0 JavaThread "Attach Listener" daemon [_thread_blocked, id=16248, stack(0x000000bbf5400000,0x000000bbf5500000)]
  0x0000021fce044eb0 JavaThread "Service Thread" daemon [_thread_blocked, id=3888, stack(0x000000bbf5500000,0x000000bbf5600000)]
  0x0000021fce046540 JavaThread "Monitor Deflation Thread" daemon [_thread_blocked, id=3988, stack(0x000000bbf5600000,0x000000bbf5700000)]
=>0x0000021fce04c570 JavaThread "C2 CompilerThread0" daemon [_thread_in_native, id=12820, stack(0x000000bbf5700000,0x000000bbf5800000)]
  0x0000021fce0528e0 JavaThread "C1 CompilerThread0" daemon [_thread_in_native, id=14236, stack(0x000000bbf5800000,0x000000bbf5900000)]
  0x0000021fce0541b0 JavaThread "Sweeper thread" daemon [_thread_blocked, id=3840, stack(0x000000bbf5900000,0x000000bbf5a00000)]
  0x0000021fc9dc18f0 JavaThread "Common-Cleaner" daemon [_thread_blocked, id=4972, stack(0x000000bbf5a00000,0x000000bbf5b00000)]
  0x0000021fce37fc90 JavaThread "Notification Thread" daemon [_thread_blocked, id=4880, stack(0x000000bbf5b00000,0x000000bbf5c00000)]
  0x0000021fcfae50f0 JavaThread "Daemon health stats" [_thread_blocked, id=17080, stack(0x000000bbf6100000,0x000000bbf6200000)]
  0x0000021fcfbab4a0 JavaThread "Incoming local TCP Connector on port 51109" [_thread_in_native, id=9224, stack(0x000000bbf6200000,0x000000bbf6300000)]
  0x0000021fcfe7cd20 JavaThread "Daemon periodic checks" [_thread_blocked, id=6528, stack(0x000000bbf6300000,0x000000bbf6400000)]
  0x0000021fcfe2bb90 JavaThread "Daemon" [_thread_blocked, id=17004, stack(0x000000bbf6400000,0x000000bbf6500000)]
  0x0000021fcfc48a60 JavaThread "Handler for socket connection from /127.0.0.1:51109 to /127.0.0.1:51110" [_thread_in_native, id=280, stack(0x000000bbf6500000,0x000000bbf6600000)]
  0x0000021fcfc90a00 JavaThread "Cancel handler" [_thread_blocked, id=15812, stack(0x000000bbf6600000,0x000000bbf6700000)]
  0x0000021fcfc90ee0 JavaThread "Daemon worker" [_thread_in_Java, id=8844, stack(0x000000bbf6700000,0x000000bbf6800000)]
  0x0000021fcfc75480 JavaThread "Asynchronous log dispatcher for DefaultDaemonConnection: socket connection from /127.0.0.1:51109 to /127.0.0.1:51110" [_thread_blocked, id=13604, stack(0x000000bbf6800000,0x000000bbf6900000)]
  0x0000021fcf9d76b0 JavaThread "Stdin handler" [_thread_blocked, id=15632, stack(0x000000bbf6900000,0x000000bbf6a00000)]
  0x0000021fcf9d9510 JavaThread "Daemon client event forwarder" [_thread_blocked, id=4324, stack(0x000000bbf6a00000,0x000000bbf6b00000)]
  0x0000021fcf9d9a20 JavaThread "Cache worker for journal cache (C:\Users\a\.gradle\caches\journal-1)" [_thread_blocked, id=11012, stack(0x000000bbf6f00000,0x000000bbf7000000)]
  0x0000021fcf9d9000 JavaThread "File lock request listener" [_thread_in_native, id=8744, stack(0x000000bbf7000000,0x000000bbf7100000)]
  0x0000021fcf9d85e0 JavaThread "Cache worker for file hash cache (C:\Users\a\.gradle\caches\8.4\fileHashes)" [_thread_blocked, id=15584, stack(0x000000bbf7100000,0x000000bbf7200000)]
  0x0000021fcf9d9f30 JavaThread "File watcher server" daemon [_thread_in_native, id=14612, stack(0x000000bbf7200000,0x000000bbf7300000)]
  0x0000021fcf9d80d0 JavaThread "File watcher consumer" daemon [_thread_blocked, id=16708, stack(0x000000bbf7300000,0x000000bbf7400000)]
  0x0000021fcf9d8af0 JavaThread "Cache worker for checksums cache (C:\Users\a\AndroidStudioProjects\TazaKhabar\.gradle\8.4\checksums)" [_thread_blocked, id=14492, stack(0x000000bbf7400000,0x000000bbf7500000)]
  0x0000021fcf9d6780 JavaThread "Cache worker for file hash cache (C:\Users\a\AndroidStudioProjects\TazaKhabar\.gradle\8.4\fileHashes)" [_thread_blocked, id=7288, stack(0x000000bbf7500000,0x000000bbf7600000)]
  0x0000021fcf9d6c90 JavaThread "Cache worker for cache directory md-supplier (C:\Users\a\.gradle\caches\8.4\md-supplier)" [_thread_blocked, id=9140, stack(0x000000bbf7600000,0x000000bbf7700000)]
  0x0000021fcf9d71a0 JavaThread "Cache worker for file content cache (C:\Users\a\.gradle\caches\8.4\fileContent)" [_thread_blocked, id=8364, stack(0x000000bbf7700000,0x000000bbf7800000)]
  0x0000021fd02252a0 JavaThread "Cache worker for cache directory md-rule (C:\Users\a\.gradle\caches\8.4\md-rule)" [_thread_blocked, id=8276, stack(0x000000bbf7800000,0x000000bbf7900000)]
  0x0000021fd0222f30 JavaThread "Cache worker for execution history cache (C:\Users\a\.gradle\caches\8.4\executionHistory)" [_thread_blocked, id=916, stack(0x000000bbf7900000,0x000000bbf7a00000)]
  0x0000021fd0224d90 JavaThread "Cache worker for kotlin-dsl (C:\Users\a\.gradle\caches\8.4\kotlin-dsl)" [_thread_blocked, id=4172, stack(0x000000bbf7b00000,0x000000bbf7c00000)]
  0x0000021fd0227b20 JavaThread "jar transforms" [_thread_blocked, id=17368, stack(0x000000bbf7c00000,0x000000bbf7d00000)]
  0x0000021fd02257b0 JavaThread "jar transforms Thread 2" [_thread_blocked, id=3612, stack(0x000000bbf7d00000,0x000000bbf7e00000)]
  0x0000021fd0228a50 JavaThread "jar transforms Thread 3" [_thread_blocked, id=2064, stack(0x000000bbf7e00000,0x000000bbf7f00000)]
  0x0000021fd0226bf0 JavaThread "jar transforms Thread 4" [_thread_blocked, id=4332, stack(0x000000bbf7f00000,0x000000bbf8000000)]
  0x0000021fd0225cc0 JavaThread "Cache worker for dependencies-accessors (C:\Users\a\AndroidStudioProjects\TazaKhabar\.gradle\8.4\dependencies-accessors)" [_thread_blocked, id=15664, stack(0x000000bbf8000000,0x000000bbf8100000)]
  0x0000021fd0224880 JavaThread "Cache worker for Build Output Cleanup Cache (C:\Users\a\AndroidStudioProjects\TazaKhabar\.gradle\buildOutputCleanup)" [_thread_blocked, id=11476, stack(0x000000bbf8100000,0x000000bbf8200000)]
  0x0000021fd0223440 JavaThread "jar transforms Thread 5" [_thread_blocked, id=13240, stack(0x000000bbf8200000,0x000000bbf8300000)]
  0x0000021fd0223950 JavaThread "jar transforms Thread 6" [_thread_blocked, id=10560, stack(0x000000bbf8300000,0x000000bbf8400000)]
  0x0000021fd02261d0 JavaThread "Unconstrained build operations" [_thread_blocked, id=16400, stack(0x000000bbf8400000,0x000000bbf8500000)]
  0x0000021fd0222510 JavaThread "Unconstrained build operations Thread 2" [_thread_blocked, id=2952, stack(0x000000bbf8500000,0x000000bbf8600000)]
  0x0000021fd0227100 JavaThread "Unconstrained build operations Thread 3" [_thread_blocked, id=17112, stack(0x000000bbf8600000,0x000000bbf8700000)]
  0x0000021fd0222a20 JavaThread "Unconstrained build operations Thread 4" [_thread_blocked, id=10480, stack(0x000000bbf8700000,0x000000bbf8800000)]
  0x0000021fd0223e60 JavaThread "Unconstrained build operations Thread 5" [_thread_blocked, id=4928, stack(0x000000bbf8800000,0x000000bbf8900000)]
  0x0000021fd0224370 JavaThread "Unconstrained build operations Thread 6" [_thread_blocked, id=1176, stack(0x000000bbf8900000,0x000000bbf8a00000)]
  0x0000021fd0227610 JavaThread "Unconstrained build operations Thread 7" [_thread_blocked, id=14076, stack(0x000000bbf8a00000,0x000000bbf8b00000)]
  0x0000021fd02266e0 JavaThread "jar transforms Thread 7" [_thread_blocked, id=2344, stack(0x000000bbf8b00000,0x000000bbf8c00000)]
  0x0000021fd0229470 JavaThread "jar transforms Thread 8" [_thread_blocked, id=10164, stack(0x000000bbf8c00000,0x000000bbf8d00000)]

Other Threads:
  0x0000021fc9e38940 VMThread "VM Thread" [stack: 0x000000bbf5000000,0x000000bbf5100000] [id=12880]
  0x0000021fce2dfc00 WatcherThread [stack: 0x000000bbf5c00000,0x000000bbf5d00000] [id=3008]
  0x0000021fb0010a10 GCTaskThread "GC Thread#0" [stack: 0x000000bbf4b00000,0x000000bbf4c00000] [id=7780]
  0x0000021fcf062c90 GCTaskThread "GC Thread#1" [stack: 0x000000bbf5d00000,0x000000bbf5e00000] [id=9796]
  0x0000021fcefeb090 GCTaskThread "GC Thread#2" [stack: 0x000000bbf5e00000,0x000000bbf5f00000] [id=11044]
  0x0000021fceccbe10 GCTaskThread "GC Thread#3" [stack: 0x000000bbf5f00000,0x000000bbf6000000] [id=17324]
  0x0000021fcf219c70 GCTaskThread "GC Thread#4" [stack: 0x000000bbf6000000,0x000000bbf6100000] [id=14448]
  0x0000021fcfbbdcf0 GCTaskThread "GC Thread#5" [stack: 0x000000bbf6b00000,0x000000bbf6c00000] [id=15204]
  0x0000021fcf9ce1a0 GCTaskThread "GC Thread#6" [stack: 0x000000bbf6c00000,0x000000bbf6d00000] [id=14996]
  0x0000021fcfd11110 GCTaskThread "GC Thread#7" [stack: 0x000000bbf6d00000,0x000000bbf6e00000] [id=16880]
  0x0000021fb0021870 ConcurrentGCThread "G1 Main Marker" [stack: 0x000000bbf4c00000,0x000000bbf4d00000] [id=10868]
  0x0000021fb0022940 ConcurrentGCThread "G1 Conc#0" [stack: 0x000000bbf4d00000,0x000000bbf4e00000] [id=1232]
  0x0000021fcfc7fbb0 ConcurrentGCThread "G1 Conc#1" [stack: 0x000000bbf6e00000,0x000000bbf6f00000] [id=15296]
  0x0000021fb006e8b0 ConcurrentGCThread "G1 Refine#0" [stack: 0x000000bbf4e00000,0x000000bbf4f00000] [id=15032]
  0x0000021fd154fd30 ConcurrentGCThread "G1 Refine#1" [stack: 0x000000bbf7a00000,0x000000bbf7b00000] [id=2872]
  0x0000021fc9c8b370 ConcurrentGCThread "G1 Service" [stack: 0x000000bbf4f00000,0x000000bbf5000000] [id=10760]

Threads with active compile tasks:
C2 CompilerThread0     8274 6180       4       java.lang.invoke.MethodType::makeImpl (109 bytes)
C1 CompilerThread0     8274 6284   !   3       java.io.ObjectInputStream::readObject0 (681 bytes)

VM state: not at safepoint (normal execution)

VM Mutex/Monitor currently owned by a thread: None

Heap address: 0x0000000080000000, size: 2048 MB, Compressed Oops mode: 32-bit

CDS archive(s) not mapped
Compressed class space mapped at: 0x0000000100000000-0x0000000140000000, reserved size: 1073741824
Narrow klass base: 0x0000000000000000, Narrow klass shift: 3, Narrow klass range: 0x140000000

GC Precious Log:
 CPUs: 8 total, 8 available
 Memory: 7834M
 Large Page Support: Disabled
 NUMA Support: Disabled
 Compressed Oops: Enabled (32-bit)
 Heap Region Size: 1M
 Heap Min Capacity: 8M
 Heap Initial Capacity: 124M
 Heap Max Capacity: 2G
 Pre-touch: Disabled
 Parallel Workers: 8
 Concurrent Workers: 2
 Concurrent Refinement Workers: 8
 Periodic GC: Disabled

Heap:
 garbage-first heap   total 86016K, used 44979K [0x0000000080000000, 0x0000000100000000)
  region size 1024K, 11 young (11264K), 5 survivors (5120K)
 Metaspace       used 56146K, committed 56704K, reserved 1114112K
  class space    used 7694K, committed 8000K, reserved 1048576K

Heap Regions: E=young(eden), S=young(survivor), O=old, HS=humongous(starts), HC=humongous(continues), CS=collection set, F=free, OA=open archive, CA=closed archive, TAMS=top-at-mark-start (previous, next)
|   0|0x0000000080000000, 0x0000000080100000, 0x0000000080100000|100%|HS|  |TAMS 0x0000000080100000, 0x0000000080000000| Complete 
|   1|0x0000000080100000, 0x0000000080200000, 0x0000000080200000|100%|HC|  |TAMS 0x0000000080200000, 0x0000000080100000| Complete 
|   2|0x0000000080200000, 0x0000000080300000, 0x0000000080300000|100%|HC|  |TAMS 0x0000000080300000, 0x0000000080200000| Complete 
|   3|0x0000000080300000, 0x0000000080400000, 0x0000000080400000|100%|HC|  |TAMS 0x0000000080400000, 0x0000000080300000| Complete 
|   4|0x0000000080400000, 0x0000000080500000, 0x0000000080500000|100%| O|  |TAMS 0x0000000080500000, 0x0000000080400000| Untracked 
|   5|0x0000000080500000, 0x0000000080600000, 0x0000000080600000|100%| O|  |TAMS 0x0000000080600000, 0x0000000080500000| Untracked 
|   6|0x0000000080600000, 0x0000000080700000, 0x0000000080700000|100%| O|  |TAMS 0x0000000080700000, 0x0000000080600000| Untracked 
|   7|0x0000000080700000, 0x0000000080800000, 0x0000000080800000|100%| O|  |TAMS 0x0000000080800000, 0x0000000080700000| Untracked 
|   8|0x0000000080800000, 0x0000000080900000, 0x0000000080900000|100%| O|  |TAMS 0x0000000080900000, 0x0000000080800000| Untracked 
|   9|0x0000000080900000, 0x0000000080a00000, 0x0000000080a00000|100%| O|  |TAMS 0x0000000080a00000, 0x0000000080900000| Untracked 
|  10|0x0000000080a00000, 0x0000000080a9ee00, 0x0000000080b00000| 62%| O|  |TAMS 0x0000000080a9ee00, 0x0000000080a00000| Untracked 
|  11|0x0000000080b00000, 0x0000000080c00000, 0x0000000080c00000|100%| O|  |TAMS 0x0000000080c00000, 0x0000000080b00000| Untracked 
|  12|0x0000000080c00000, 0x0000000080d00000, 0x0000000080d00000|100%| O|  |TAMS 0x0000000080d00000, 0x0000000080c00000| Untracked 
|  13|0x0000000080d00000, 0x0000000080e00000, 0x0000000080e00000|100%| O|  |TAMS 0x0000000080e00000, 0x0000000080d00000| Untracked 
|  14|0x0000000080e00000, 0x0000000080f00000, 0x0000000080f00000|100%| O|  |TAMS 0x0000000080f00000, 0x0000000080e00000| Untracked 
|  15|0x0000000080f00000, 0x0000000081000000, 0x0000000081000000|100%| O|  |TAMS 0x0000000081000000, 0x0000000080f00000| Untracked 
|  16|0x0000000081000000, 0x00000000810ffff8, 0x0000000081100000| 99%| O|  |TAMS 0x00000000810ffff8, 0x0000000081000000| Untracked 
|  17|0x0000000081100000, 0x0000000081200000, 0x0000000081200000|100%| O|  |TAMS 0x0000000081200000, 0x0000000081100000| Untracked 
|  18|0x0000000081200000, 0x0000000081300000, 0x0000000081300000|100%| O|  |TAMS 0x0000000081300000, 0x0000000081200000| Untracked 
|  19|0x0000000081300000, 0x0000000081400000, 0x0000000081400000|100%| O|  |TAMS 0x0000000081400000, 0x0000000081300000| Untracked 
|  20|0x0000000081400000, 0x0000000081500000, 0x0000000081500000|100%| O|  |TAMS 0x0000000081500000, 0x0000000081400000| Untracked 
|  21|0x0000000081500000, 0x0000000081600000, 0x0000000081600000|100%| O|  |TAMS 0x0000000081600000, 0x0000000081500000| Untracked 
|  22|0x0000000081600000, 0x0000000081700000, 0x0000000081700000|100%| O|  |TAMS 0x0000000081700000, 0x0000000081600000| Untracked 
|  23|0x0000000081700000, 0x0000000081800000, 0x0000000081800000|100%| O|  |TAMS 0x0000000081800000, 0x0000000081700000| Untracked 
|  24|0x0000000081800000, 0x0000000081900000, 0x0000000081900000|100%| O|  |TAMS 0x0000000081900000, 0x0000000081800000| Untracked 
|  25|0x0000000081900000, 0x0000000081a00000, 0x0000000081a00000|100%| O|  |TAMS 0x0000000081a00000, 0x0000000081900000| Untracked 
|  26|0x0000000081a00000, 0x0000000081b00000, 0x0000000081b00000|100%| O|  |TAMS 0x0000000081b00000, 0x0000000081a00000| Untracked 
|  27|0x0000000081b00000, 0x0000000081c00000, 0x0000000081c00000|100%| O|  |TAMS 0x0000000081c00000, 0x0000000081b00000| Untracked 
|  28|0x0000000081c00000, 0x0000000081d00000, 0x0000000081d00000|100%| O|  |TAMS 0x0000000081d00000, 0x0000000081c00000| Untracked 
|  29|0x0000000081d00000, 0x0000000081e00000, 0x0000000081e00000|100%| O|  |TAMS 0x0000000081e00000, 0x0000000081d00000| Untracked 
|  30|0x0000000081e00000, 0x0000000081f00000, 0x0000000081f00000|100%| O|  |TAMS 0x0000000081f00000, 0x0000000081e00000| Untracked 
|  31|0x0000000081f00000, 0x0000000082000000, 0x0000000082000000|100%| O|  |TAMS 0x0000000081f55600, 0x0000000081f00000| Untracked 
|  32|0x0000000082000000, 0x0000000082100000, 0x0000000082100000|100%| O|  |TAMS 0x0000000082000000, 0x0000000082000000| Untracked 
|  33|0x0000000082100000, 0x0000000082200000, 0x0000000082200000|100%| O|  |TAMS 0x0000000082100000, 0x0000000082100000| Untracked 
|  34|0x0000000082200000, 0x0000000082300000, 0x0000000082300000|100%| O|  |TAMS 0x0000000082200000, 0x0000000082200000| Untracked 
|  35|0x0000000082300000, 0x000000008234e000, 0x0000000082400000| 30%| O|  |TAMS 0x0000000082300000, 0x0000000082300000| Untracked 
|  36|0x0000000082400000, 0x0000000082400000, 0x0000000082500000|  0%| F|  |TAMS 0x0000000082400000, 0x0000000082400000| Untracked 
|  37|0x0000000082500000, 0x0000000082500000, 0x0000000082600000|  0%| F|  |TAMS 0x0000000082500000, 0x0000000082500000| Untracked 
|  38|0x0000000082600000, 0x0000000082600000, 0x0000000082700000|  0%| F|  |TAMS 0x0000000082600000, 0x0000000082600000| Untracked 
|  39|0x0000000082700000, 0x0000000082700000, 0x0000000082800000|  0%| F|  |TAMS 0x0000000082700000, 0x0000000082700000| Untracked 
|  40|0x0000000082800000, 0x0000000082800000, 0x0000000082900000|  0%| F|  |TAMS 0x0000000082800000, 0x0000000082800000| Untracked 
|  41|0x0000000082900000, 0x0000000082900000, 0x0000000082a00000|  0%| F|  |TAMS 0x0000000082900000, 0x0000000082900000| Untracked 
|  42|0x0000000082a00000, 0x0000000082a00000, 0x0000000082b00000|  0%| F|  |TAMS 0x0000000082a00000, 0x0000000082a00000| Untracked 
|  43|0x0000000082b00000, 0x0000000082b00000, 0x0000000082c00000|  0%| F|  |TAMS 0x0000000082b00000, 0x0000000082b00000| Untracked 
|  44|0x0000000082c00000, 0x0000000082c00000, 0x0000000082d00000|  0%| F|  |TAMS 0x0000000082c00000, 0x0000000082c00000| Untracked 
|  45|0x0000000082d00000, 0x0000000082d00000, 0x0000000082e00000|  0%| F|  |TAMS 0x0000000082d00000, 0x0000000082d00000| Untracked 
|  46|0x0000000082e00000, 0x0000000082f00000, 0x0000000082f00000|100%| S|CS|TAMS 0x0000000082e00000, 0x0000000082e00000| Complete 
|  47|0x0000000082f00000, 0x0000000082f00000, 0x0000000083000000|  0%| F|  |TAMS 0x0000000082f00000, 0x0000000082f00000| Untracked 
|  48|0x0000000083000000, 0x0000000083100000, 0x0000000083100000|100%| S|CS|TAMS 0x0000000083000000, 0x0000000083000000| Complete 
|  49|0x0000000083100000, 0x0000000083200000, 0x0000000083200000|100%| S|CS|TAMS 0x0000000083100000, 0x0000000083100000| Complete 
|  50|0x0000000083200000, 0x0000000083300000, 0x0000000083300000|100%| S|CS|TAMS 0x0000000083200000, 0x0000000083200000| Complete 
|  51|0x0000000083300000, 0x0000000083400000, 0x0000000083400000|100%| S|CS|TAMS 0x0000000083300000, 0x0000000083300000| Complete 
|  52|0x0000000083400000, 0x0000000083400000, 0x0000000083500000|  0%| F|  |TAMS 0x0000000083400000, 0x0000000083400000| Untracked 
|  53|0x0000000083500000, 0x0000000083500000, 0x0000000083600000|  0%| F|  |TAMS 0x0000000083500000, 0x0000000083500000| Untracked 
|  54|0x0000000083600000, 0x0000000083600000, 0x0000000083700000|  0%| F|  |TAMS 0x0000000083600000, 0x0000000083600000| Untracked 
|  55|0x0000000083700000, 0x0000000083700000, 0x0000000083800000|  0%| F|  |TAMS 0x0000000083700000, 0x0000000083700000| Untracked 
|  56|0x0000000083800000, 0x0000000083800000, 0x0000000083900000|  0%| F|  |TAMS 0x0000000083800000, 0x0000000083800000| Untracked 
|  57|0x0000000083900000, 0x0000000083900000, 0x0000000083a00000|  0%| F|  |TAMS 0x0000000083900000, 0x0000000083900000| Untracked 
|  58|0x0000000083a00000, 0x0000000083a00000, 0x0000000083b00000|  0%| F|  |TAMS 0x0000000083a00000, 0x0000000083a00000| Untracked 
|  59|0x0000000083b00000, 0x0000000083b00000, 0x0000000083c00000|  0%| F|  |TAMS 0x0000000083b00000, 0x0000000083b00000| Untracked 
|  60|0x0000000083c00000, 0x0000000083c00000, 0x0000000083d00000|  0%| F|  |TAMS 0x0000000083c00000, 0x0000000083c00000| Untracked 
|  61|0x0000000083d00000, 0x0000000083d00000, 0x0000000083e00000|  0%| F|  |TAMS 0x0000000083d00000, 0x0000000083d00000| Untracked 
|  62|0x0000000083e00000, 0x0000000083e00000, 0x0000000083f00000|  0%| F|  |TAMS 0x0000000083e00000, 0x0000000083e00000| Untracked 
|  63|0x0000000083f00000, 0x0000000083f00000, 0x0000000084000000|  0%| F|  |TAMS 0x0000000083f00000, 0x0000000083f00000| Untracked 
|  64|0x0000000084000000, 0x0000000084000000, 0x0000000084100000|  0%| F|  |TAMS 0x0000000084000000, 0x0000000084000000| Untracked 
|  65|0x0000000084100000, 0x0000000084100000, 0x0000000084200000|  0%| F|  |TAMS 0x0000000084100000, 0x0000000084100000| Untracked 
|  66|0x0000000084200000, 0x0000000084200000, 0x0000000084300000|  0%| F|  |TAMS 0x0000000084200000, 0x0000000084200000| Untracked 
|  67|0x0000000084300000, 0x0000000084300000, 0x0000000084400000|  0%| F|  |TAMS 0x0000000084300000, 0x0000000084300000| Untracked 
|  68|0x0000000084400000, 0x0000000084400000, 0x0000000084500000|  0%| F|  |TAMS 0x0000000084400000, 0x0000000084400000| Untracked 
|  69|0x0000000084500000, 0x0000000084500000, 0x0000000084600000|  0%| F|  |TAMS 0x0000000084500000, 0x0000000084500000| Untracked 
|  70|0x0000000084600000, 0x0000000084600000, 0x0000000084700000|  0%| F|  |TAMS 0x0000000084600000, 0x0000000084600000| Untracked 
|  71|0x0000000084700000, 0x0000000084700000, 0x0000000084800000|  0%| F|  |TAMS 0x0000000084700000, 0x0000000084700000| Untracked 
|  72|0x0000000084800000, 0x0000000084800000, 0x0000000084900000|  0%| F|  |TAMS 0x0000000084800000, 0x0000000084800000| Untracked 
|  73|0x0000000084900000, 0x0000000084900000, 0x0000000084a00000|  0%| F|  |TAMS 0x0000000084900000, 0x0000000084900000| Untracked 
|  74|0x0000000084a00000, 0x0000000084a00000, 0x0000000084b00000|  0%| F|  |TAMS 0x0000000084a00000, 0x0000000084a00000| Untracked 
|  75|0x0000000084b00000, 0x0000000084b00000, 0x0000000084c00000|  0%| F|  |TAMS 0x0000000084b00000, 0x0000000084b00000| Untracked 
|  76|0x0000000084c00000, 0x0000000084c00000, 0x0000000084d00000|  0%| F|  |TAMS 0x0000000084c00000, 0x0000000084c00000| Untracked 
|  77|0x0000000084d00000, 0x0000000084d00000, 0x0000000084e00000|  0%| F|  |TAMS 0x0000000084d00000, 0x0000000084d00000| Untracked 
|  78|0x0000000084e00000, 0x0000000084e66cb8, 0x0000000084f00000| 40%| E|  |TAMS 0x0000000084e00000, 0x0000000084e00000| Complete 
|  79|0x0000000084f00000, 0x0000000085000000, 0x0000000085000000|100%| E|CS|TAMS 0x0000000084f00000, 0x0000000084f00000| Complete 
|  80|0x0000000085000000, 0x0000000085100000, 0x0000000085100000|100%| E|  |TAMS 0x0000000085000000, 0x0000000085000000| Complete 
|  81|0x0000000085100000, 0x0000000085200000, 0x0000000085200000|100%| E|CS|TAMS 0x0000000085100000, 0x0000000085100000| Complete 
|  82|0x0000000085200000, 0x0000000085300000, 0x0000000085300000|100%| E|CS|TAMS 0x0000000085200000, 0x0000000085200000| Complete 
| 123|0x0000000087b00000, 0x0000000087c00000, 0x0000000087c00000|100%| E|CS|TAMS 0x0000000087b00000, 0x0000000087b00000| Complete 

Card table byte_map: [0x0000021fc2bc0000,0x0000021fc2fc0000] _byte_map_base: 0x0000021fc27c0000

Marking Bits (Prev, Next): (CMBitMap*) 0x0000021fb0010f80, (CMBitMap*) 0x0000021fb0010f40
 Prev Bits: [0x0000021fc53c0000, 0x0000021fc73c0000)
 Next Bits: [0x0000021fc33c0000, 0x0000021fc53c0000)

Polling page: 0x0000021fadf60000

Metaspace:

Usage:
  Non-class:     47.33 MB used.
      Class:      7.51 MB used.
       Both:     54.84 MB used.

Virtual space:
  Non-class space:       64.00 MB reserved,      47.56 MB ( 74%) committed,  1 nodes.
      Class space:        1.00 GB reserved,       7.81 MB ( <1%) committed,  1 nodes.
             Both:        1.06 GB reserved,      55.38 MB (  5%) committed. 

Chunk freelists:
   Non-Class:  80.00 KB
       Class:  8.24 MB
        Both:  8.32 MB

MaxMetaspaceSize: unlimited
CompressedClassSpaceSize: 1.00 GB
Initial GC threshold: 21.00 MB
Current GC threshold: 85.75 MB
CDS: off
MetaspaceReclaimPolicy: balanced
 - commit_granule_bytes: 65536.
 - commit_granule_words: 8192.
 - virtual_space_node_default_size: 8388608.
 - enlarge_chunks_in_place: 1.
 - new_chunks_are_fully_committed: 0.
 - uncommit_free_chunks: 1.
 - use_allocation_guard: 0.
 - handle_deallocations: 1.


Internal statistics:

num_allocs_failed_limit: 6.
num_arena_births: 632.
num_arena_deaths: 0.
num_vsnodes_births: 2.
num_vsnodes_deaths: 0.
num_space_committed: 886.
num_space_uncommitted: 0.
num_chunks_returned_to_freelist: 6.
num_chunks_taken_from_freelist: 2486.
num_chunk_merges: 6.
num_chunk_splits: 1642.
num_chunks_enlarged: 1110.
num_inconsistent_stats: 0.

CodeHeap 'non-profiled nmethods': size=120000Kb used=2978Kb max_used=2978Kb free=117021Kb
 bounds [0x0000021fbaf60000, 0x0000021fbb250000, 0x0000021fc2490000]
CodeHeap 'profiled nmethods': size=120000Kb used=11705Kb max_used=11705Kb free=108294Kb
 bounds [0x0000021fb3490000, 0x0000021fb4000000, 0x0000021fba9c0000]
CodeHeap 'non-nmethods': size=5760Kb used=1636Kb max_used=1680Kb free=4123Kb
 bounds [0x0000021fba9c0000, 0x0000021fbac30000, 0x0000021fbaf60000]
 total_blobs=6917 nmethods=6221 adapters=608
 compilation: enabled
              stopped_count=0, restarted_count=0
 full_count=0

Compilation events (20 events):
Event: 8.211 Thread 0x0000021fce0528e0 nmethod 6243 0x0000021fb3fd4d90 code [0x0000021fb3fd5060, 0x0000021fb3fd5e38]
Event: 8.211 Thread 0x0000021fce0528e0 6244       3       org.apache.commons.io.FilenameUtils::getExtension (27 bytes)
Event: 8.212 Thread 0x0000021fce0528e0 nmethod 6244 0x0000021fb3fd6310 code [0x0000021fb3fd6500, 0x0000021fb3fd68b8]
Event: 8.212 Thread 0x0000021fce0528e0 6245   !   3       org.gradle.internal.fingerprint.classpath.impl.ClasspathFingerprintingStrategy$ClasspathFingerprintingVisitor::hashContent (133 bytes)
Event: 8.213 Thread 0x0000021fce0528e0 nmethod 6245 0x0000021fb3fd6a10 code [0x0000021fb3fd6da0, 0x0000021fb3fd8448]
Event: 8.213 Thread 0x0000021fce0528e0 6246       3       org.apache.commons.io.FilenameUtils::indexOfLastSeparator (26 bytes)
Event: 8.213 Thread 0x0000021fce0528e0 nmethod 6246 0x0000021fb3fd9090 code [0x0000021fb3fd92e0, 0x0000021fb3fd9bb8]
Event: 8.213 Thread 0x0000021fce0528e0 6248       3       org.apache.commons.io.FilenameUtils::isSystemWindows (14 bytes)
Event: 8.214 Thread 0x0000021fce0528e0 nmethod 6248 0x0000021fb3fd9f10 code [0x0000021fb3fda0a0, 0x0000021fb3fda1b8]
Event: 8.214 Thread 0x0000021fce0528e0 6247       3       org.gradle.internal.file.FileHierarchySet$PrefixFileSet::contains (10 bytes)
Event: 8.214 Thread 0x0000021fce0528e0 nmethod 6247 0x0000021fb3fda290 code [0x0000021fb3fda440, 0x0000021fb3fda5a8]
Event: 8.217 Thread 0x0000021fce0528e0 6249   !   3       com.google.common.util.concurrent.Uninterruptibles::getUninterruptibly (40 bytes)
Event: 8.217 Thread 0x0000021fce0528e0 nmethod 6249 0x0000021fb3fda690 code [0x0000021fb3fda860, 0x0000021fb3fdad08]
Event: 8.217 Thread 0x0000021fce0528e0 6256   !   3       com.google.common.cache.LocalCache$Segment::storeLoadedValue (371 bytes)
Event: 8.221 Thread 0x0000021fce0528e0 nmethod 6256 0x0000021fb3fdaf10 code [0x0000021fb3fdb6e0, 0x0000021fb3fdfed8]
Event: 8.222 Thread 0x0000021fce0528e0 6250       3       com.google.common.util.concurrent.AbstractFuture$TrustedFuture::get (5 bytes)
Event: 8.222 Thread 0x0000021fce0528e0 nmethod 6250 0x0000021fb3fe2210 code [0x0000021fb3fe23a0, 0x0000021fb3fe24e8]
Event: 8.222 Thread 0x0000021fce0528e0 6251       3       com.google.common.util.concurrent.AbstractFuture::get (170 bytes)
Event: 8.223 Thread 0x0000021fce0528e0 nmethod 6251 0x0000021fb3fe2590 code [0x0000021fb3fe28a0, 0x0000021fb3fe3948]
Event: 8.223 Thread 0x0000021fce0528e0 6252       3       com.google.common.util.concurrent.AbstractFuture::getDoneValue (57 bytes)

GC Heap History (20 events):
Event: 2.672 GC heap before
{Heap before GC invocations=5 (full 0):
 garbage-first heap   total 71680K, used 49588K [0x0000000080000000, 0x0000000100000000)
  region size 1024K, 31 young (31744K), 2 survivors (2048K)
 Metaspace       used 30641K, committed 30912K, reserved 1114112K
  class space    used 4085K, committed 4224K, reserved 1048576K
}
Event: 2.675 GC heap after
{Heap after GC invocations=6 (full 0):
 garbage-first heap   total 71680K, used 22464K [0x0000000080000000, 0x0000000100000000)
  region size 1024K, 4 young (4096K), 4 survivors (4096K)
 Metaspace       used 30641K, committed 30912K, reserved 1114112K
  class space    used 4085K, committed 4224K, reserved 1048576K
}
Event: 3.215 GC heap before
{Heap before GC invocations=6 (full 0):
 garbage-first heap   total 71680K, used 52160K [0x0000000080000000, 0x0000000100000000)
  region size 1024K, 33 young (33792K), 4 survivors (4096K)
 Metaspace       used 34216K, committed 34560K, reserved 1114112K
  class space    used 4675K, committed 4800K, reserved 1048576K
}
Event: 3.218 GC heap after
{Heap after GC invocations=7 (full 0):
 garbage-first heap   total 71680K, used 23732K [0x0000000080000000, 0x0000000100000000)
  region size 1024K, 3 young (3072K), 3 survivors (3072K)
 Metaspace       used 34216K, committed 34560K, reserved 1114112K
  class space    used 4675K, committed 4800K, reserved 1048576K
}
Event: 3.399 GC heap before
{Heap before GC invocations=7 (full 0):
 garbage-first heap   total 71680K, used 29876K [0x0000000080000000, 0x0000000100000000)
  region size 1024K, 11 young (11264K), 3 survivors (3072K)
 Metaspace       used 35633K, committed 35968K, reserved 1114112K
  class space    used 4862K, committed 5056K, reserved 1048576K
}
Event: 3.403 GC heap after
{Heap after GC invocations=8 (full 0):
 garbage-first heap   total 71680K, used 24076K [0x0000000080000000, 0x0000000100000000)
  region size 1024K, 2 young (2048K), 2 survivors (2048K)
 Metaspace       used 35633K, committed 35968K, reserved 1114112K
  class space    used 4862K, committed 5056K, reserved 1048576K
}
Event: 3.966 GC heap before
{Heap before GC invocations=9 (full 0):
 garbage-first heap   total 71680K, used 53772K [0x0000000080000000, 0x0000000100000000)
  region size 1024K, 32 young (32768K), 2 survivors (2048K)
 Metaspace       used 40973K, committed 41344K, reserved 1114112K
  class space    used 5427K, committed 5568K, reserved 1048576K
}
Event: 3.970 GC heap after
{Heap after GC invocations=10 (full 0):
 garbage-first heap   total 71680K, used 27892K [0x0000000080000000, 0x0000000100000000)
  region size 1024K, 4 young (4096K), 4 survivors (4096K)
 Metaspace       used 40973K, committed 41344K, reserved 1114112K
  class space    used 5427K, committed 5568K, reserved 1048576K
}
Event: 4.268 GC heap before
{Heap before GC invocations=10 (full 0):
 garbage-first heap   total 71680K, used 54516K [0x0000000080000000, 0x0000000100000000)
  region size 1024K, 30 young (30720K), 4 survivors (4096K)
 Metaspace       used 42152K, committed 42496K, reserved 1114112K
  class space    used 5601K, committed 5760K, reserved 1048576K
}
Event: 4.273 GC heap after
{Heap after GC invocations=11 (full 0):
 garbage-first heap   total 71680K, used 29929K [0x0000000080000000, 0x0000000100000000)
  region size 1024K, 2 young (2048K), 2 survivors (2048K)
 Metaspace       used 42152K, committed 42496K, reserved 1114112K
  class space    used 5601K, committed 5760K, reserved 1048576K
}
Event: 5.437 GC heap before
{Heap before GC invocations=11 (full 0):
 garbage-first heap   total 71680K, used 56553K [0x0000000080000000, 0x0000000100000000)
  region size 1024K, 27 young (27648K), 2 survivors (2048K)
 Metaspace       used 45819K, committed 46208K, reserved 1114112K
  class space    used 6131K, committed 6272K, reserved 1048576K
}
Event: 5.439 GC heap after
{Heap after GC invocations=12 (full 0):
 garbage-first heap   total 71680K, used 31998K [0x0000000080000000, 0x0000000100000000)
  region size 1024K, 4 young (4096K), 4 survivors (4096K)
 Metaspace       used 45819K, committed 46208K, reserved 1114112K
  class space    used 6131K, committed 6272K, reserved 1048576K
}
Event: 6.011 GC heap before
{Heap before GC invocations=12 (full 0):
 garbage-first heap   total 71680K, used 56574K [0x0000000080000000, 0x0000000100000000)
  region size 1024K, 28 young (28672K), 4 survivors (4096K)
 Metaspace       used 48927K, committed 49344K, reserved 1114112K
  class space    used 6612K, committed 6848K, reserved 1048576K
}
Event: 6.015 GC heap after
{Heap after GC invocations=13 (full 0):
 garbage-first heap   total 71680K, used 32978K [0x0000000080000000, 0x0000000100000000)
  region size 1024K, 2 young (2048K), 2 survivors (2048K)
 Metaspace       used 48927K, committed 49344K, reserved 1114112K
  class space    used 6612K, committed 6848K, reserved 1048576K
}
Event: 6.478 GC heap before
{Heap before GC invocations=13 (full 0):
 garbage-first heap   total 71680K, used 56530K [0x0000000080000000, 0x0000000100000000)
  region size 1024K, 25 young (25600K), 2 survivors (2048K)
 Metaspace       used 52123K, committed 52544K, reserved 1114112K
  class space    used 7132K, committed 7360K, reserved 1048576K
}
Event: 6.482 GC heap after
{Heap after GC invocations=14 (full 0):
 garbage-first heap   total 71680K, used 34144K [0x0000000080000000, 0x0000000100000000)
  region size 1024K, 3 young (3072K), 3 survivors (3072K)
 Metaspace       used 52123K, committed 52544K, reserved 1114112K
  class space    used 7132K, committed 7360K, reserved 1048576K
}
Event: 6.979 GC heap before
{Heap before GC invocations=15 (full 0):
 garbage-first heap   total 71680K, used 55648K [0x0000000080000000, 0x0000000100000000)
  region size 1024K, 25 young (25600K), 3 survivors (3072K)
 Metaspace       used 54690K, committed 55168K, reserved 1114112K
  class space    used 7544K, committed 7744K, reserved 1048576K
}
Event: 6.991 GC heap after
{Heap after GC invocations=16 (full 0):
 garbage-first heap   total 86016K, used 35484K [0x0000000080000000, 0x0000000100000000)
  region size 1024K, 3 young (3072K), 3 survivors (3072K)
 Metaspace       used 54690K, committed 55168K, reserved 1114112K
  class space    used 7544K, committed 7744K, reserved 1048576K
}
Event: 8.139 GC heap before
{Heap before GC invocations=16 (full 0):
 garbage-first heap   total 86016K, used 68252K [0x0000000080000000, 0x0000000100000000)
  region size 1024K, 35 young (35840K), 3 survivors (3072K)
 Metaspace       used 55889K, committed 56448K, reserved 1114112K
  class space    used 7661K, committed 7936K, reserved 1048576K
}
Event: 8.143 GC heap after
{Heap after GC invocations=17 (full 0):
 garbage-first heap   total 86016K, used 40883K [0x0000000080000000, 0x0000000100000000)
  region size 1024K, 5 young (5120K), 5 survivors (5120K)
 Metaspace       used 55889K, committed 56448K, reserved 1114112K
  class space    used 7661K, committed 7936K, reserved 1048576K
}

Dll operation events (3 events):
Event: 0.008 Loaded shared library C:\Program Files\Android\Android Studio1\jbr\bin\java.dll
Event: 0.121 Loaded shared library C:\Program Files\Android\Android Studio1\jbr\bin\zip.dll
Event: 0.351 Loaded shared library C:\Program Files\Android\Android Studio1\jbr\bin\verify.dll

Deoptimization events (20 events):
Event: 8.160 Thread 0x0000021fcfc90ee0 Uncommon trap: trap_request=0xffffff45 fr.pc=0x0000021fbb23c49c relative=0x000000000000007c
Event: 8.160 Thread 0x0000021fcfc90ee0 Uncommon trap: reason=unstable_if action=reinterpret pc=0x0000021fbb23c49c method=java.util.Spliterator.getExactSizeIfKnown()J @ 9 c2
Event: 8.160 Thread 0x0000021fcfc90ee0 DEOPT PACKING pc=0x0000021fbb23c49c sp=0x000000bbf67fa680
Event: 8.160 Thread 0x0000021fcfc90ee0 DEOPT UNPACKING pc=0x0000021fbaa1a1a3 sp=0x000000bbf67fa618 mode 2
Event: 8.163 Thread 0x0000021fcfc90ee0 Uncommon trap: trap_request=0xffffffc6 fr.pc=0x0000021fbb1d81dc relative=0x000000000000417c
Event: 8.163 Thread 0x0000021fcfc90ee0 Uncommon trap: reason=bimorphic_or_optimized_type_check action=maybe_recompile pc=0x0000021fbb1d81dc method=java.util.AbstractCollection.addAll(Ljava/util/Collection;)Z @ 29 c2
Event: 8.163 Thread 0x0000021fcfc90ee0 DEOPT PACKING pc=0x0000021fbb1d81dc sp=0x000000bbf67fb4b0
Event: 8.163 Thread 0x0000021fcfc90ee0 DEOPT UNPACKING pc=0x0000021fbaa1a1a3 sp=0x000000bbf67fb4a0 mode 2
Event: 8.177 Thread 0x0000021fcfc90ee0 DEOPT PACKING pc=0x0000021fb3d12351 sp=0x000000bbf67f8920
Event: 8.177 Thread 0x0000021fcfc90ee0 DEOPT UNPACKING pc=0x0000021fbaa1ace3 sp=0x000000bbf67f7e18 mode 0
Event: 8.179 Thread 0x0000021fcfc90ee0 DEOPT PACKING pc=0x0000021fb3d12351 sp=0x000000bbf67f8920
Event: 8.179 Thread 0x0000021fcfc90ee0 DEOPT UNPACKING pc=0x0000021fbaa1ace3 sp=0x000000bbf67f7e18 mode 0
Event: 8.189 Thread 0x0000021fcfc90ee0 DEOPT PACKING pc=0x0000021fb3d12351 sp=0x000000bbf67f8920
Event: 8.189 Thread 0x0000021fcfc90ee0 DEOPT UNPACKING pc=0x0000021fbaa1ace3 sp=0x000000bbf67f7e18 mode 0
Event: 8.197 Thread 0x0000021fcfc90ee0 DEOPT PACKING pc=0x0000021fb3d12351 sp=0x000000bbf67f8f50
Event: 8.197 Thread 0x0000021fcfc90ee0 DEOPT UNPACKING pc=0x0000021fbaa1ace3 sp=0x000000bbf67f8448 mode 0
Event: 8.198 Thread 0x0000021fcfc90ee0 DEOPT PACKING pc=0x0000021fb3d12351 sp=0x000000bbf67f8f50
Event: 8.198 Thread 0x0000021fcfc90ee0 DEOPT UNPACKING pc=0x0000021fbaa1ace3 sp=0x000000bbf67f8448 mode 0
Event: 8.199 Thread 0x0000021fcfc90ee0 DEOPT PACKING pc=0x0000021fb3d12351 sp=0x000000bbf67f8f50
Event: 8.199 Thread 0x0000021fcfc90ee0 DEOPT UNPACKING pc=0x0000021fbaa1ace3 sp=0x000000bbf67f8448 mode 0

Classes unloaded (0 events):
No events

Classes redefined (0 events):
No events

Internal exceptions (20 events):
Event: 6.776 Thread 0x0000021fcfc90ee0 Exception <a 'java/lang/NoSuchMethodError'{0x0000000083837798}: static Lorg/gradle/api/internal/catalog/DependencyModel;.<clinit>()V> (0x0000000083837798) 
thrown [s\src\hotspot\share\prims\jni.cpp, line 1108]
Event: 6.776 Thread 0x0000021fcfc90ee0 Exception <a 'java/lang/NoSuchMethodError'{0x000000008383aee8}: static Lorg/gradle/api/internal/catalog/AbstractContextAwareModel;.<clinit>()V> (0x000000008383aee8) 
thrown [s\src\hotspot\share\prims\jni.cpp, line 1108]
Event: 6.777 Thread 0x0000021fcfc90ee0 Exception <a 'java/lang/NoSuchMethodError'{0x0000000083852858}: static Lorg/gradle/api/internal/artifacts/dependencies/AbstractVersionConstraint;.<clinit>()V> (0x0000000083852858) 
thrown [s\src\hotspot\share\prims\jni.cpp, line 1108]
Event: 6.789 Thread 0x0000021fcfc90ee0 Exception <a 'java/lang/NoSuchMethodError'{0x00000000838ae038}: static Lorg/gradle/api/internal/catalog/PluginModel;.<clinit>()V> (0x00000000838ae038) 
thrown [s\src\hotspot\share\prims\jni.cpp, line 1108]
Event: 6.790 Thread 0x0000021fcfc90ee0 Exception <a 'java/lang/NoSuchMethodError'{0x00000000838c2e98}: static Lorg/gradle/api/internal/catalog/VersionModel;.<clinit>()V> (0x00000000838c2e98) 
thrown [s\src\hotspot\share\prims\jni.cpp, line 1108]
Event: 6.792 Thread 0x0000021fcfc90ee0 Exception <a 'java/lang/NoSuchMethodError'{0x00000000838e79e8}: 'void java.lang.invoke.DirectMethodHandle$Holder.invokeSpecial(java.lang.Object, java.lang.Object, java.lang.Object, int)'> (0x00000000838e79e8) 
thrown [s\src\hotspot\share\interpreter\linkResolver.cpp, line 771]
Event: 6.927 Thread 0x0000021fcfc90ee0 Exception <a 'java/lang/NoSuchMethodError'{0x00000000833b60d8}: 'int java.lang.invoke.DirectMethodHandle$Holder.invokeSpecialIFC(java.lang.Object, java.lang.Object, java.lang.Object)'> (0x00000000833b60d8) 
thrown [s\src\hotspot\share\interpreter\linkResolver.cpp, line 771]
Event: 7.000 Thread 0x0000021fcfc90ee0 Exception <a 'java/lang/NoSuchMethodError'{0x0000000087b63f80}: 'java.lang.Object java.lang.invoke.DirectMethodHandle$Holder.newInvokeSpecial(java.lang.Object, java.lang.Object, java.lang.Object, java.lang.Object, java.lang.Object, int)'> (0x0000000087b63f80) 
thrown [s\src\hotspot\share\interpreter\linkResolver.cpp, line 771]
Event: 7.001 Thread 0x0000021fcfc90ee0 Exception <a 'java/lang/NoSuchMethodError'{0x0000000087b693d8}: 'java.lang.Object java.lang.invoke.DirectMethodHandle$Holder.invokeSpecial(java.lang.Object, java.lang.Object, java.lang.Object, java.lang.Object, java.lang.Object, java.lang.Object, int)'> (0x0000000087b693d8) 
thrown [s\src\hotspot\share\interpreter\linkResolver.cpp, line 771]
Event: 7.005 Thread 0x0000021fcfc90ee0 Exception <a 'java/lang/NoSuchMethodError'{0x0000000087ba0890}: 'java.lang.Object java.lang.invoke.DirectMethodHandle$Holder.invokeSpecial(java.lang.Object, java.lang.Object, java.lang.Object, java.lang.Object, java.lang.Object, long)'> (0x0000000087ba0890) 
thrown [s\src\hotspot\share\interpreter\linkResolver.cpp, line 771]
Event: 7.008 Thread 0x0000021fcfc90ee0 Exception <a 'java/lang/NoSuchMethodError'{0x0000000087bc2bb0}: 'void java.lang.invoke.DirectMethodHandle$Holder.invokeStatic(java.lang.Object, java.lang.Object, java.lang.Object, int, java.lang.Object)'> (0x0000000087bc2bb0) 
thrown [s\src\hotspot\share\interpreter\linkResolver.cpp, line 771]
Event: 8.159 Thread 0x0000021fcfc90ee0 Exception <a 'java/lang/NoSuchMethodError'{0x0000000087bd5430}: 'long java.lang.invoke.DirectMethodHandle$Holder.invokeVirtual(java.lang.Object, java.lang.Object)'> (0x0000000087bd5430) 
thrown [s\src\hotspot\share\interpreter\linkResolver.cpp, line 771]
Event: 8.163 Thread 0x0000021fcf9d9510 Exception <a 'java/lang/NoSuchMethodError'{0x000000008520b4a0}: static Lorg/gradle/internal/build/event/types/DefaultOperationFinishedProgressEvent;.<clinit>()V> (0x000000008520b4a0) 
thrown [s\src\hotspot\share\prims\jni.cpp, line 1108]
Event: 8.165 Thread 0x0000021fcf9d9510 Exception <a 'java/lang/NoSuchMethodError'{0x0000000085235d78}: static Lorg/gradle/internal/build/event/types/DefaultProjectConfigurationSuccessResult;.<clinit>()V> (0x0000000085235d78) 
thrown [s\src\hotspot\share\prims\jni.cpp, line 1108]
Event: 8.165 Thread 0x0000021fcf9d9510 Exception <a 'java/lang/NoSuchMethodError'{0x000000008523a758}: static Lorg/gradle/internal/build/event/types/AbstractProjectConfigurationResult;.<clinit>()V> (0x000000008523a758) 
thrown [s\src\hotspot\share\prims\jni.cpp, line 1108]
Event: 8.166 Thread 0x0000021fcf9d9510 Exception <a 'java/lang/NoSuchMethodError'{0x00000000852a1cb8}: static Lorg/gradle/internal/build/event/types/AbstractOperationResult;.<clinit>()V> (0x00000000852a1cb8) 
thrown [s\src\hotspot\share\prims\jni.cpp, line 1108]
Event: 8.166 Thread 0x0000021fcf9d9510 Exception <a 'java/lang/NoSuchMethodError'{0x00000000852a3108}: static Lorg/gradle/internal/build/event/types/AbstractResult;.<clinit>()V> (0x00000000852a3108) 
thrown [s\src\hotspot\share\prims\jni.cpp, line 1108]
Event: 8.167 Thread 0x0000021fcf9d9510 Exception <a 'java/lang/NoSuchMethodError'{0x00000000852bc030}: static Lorg/gradle/internal/build/event/types/DefaultPluginApplicationResult;.<clinit>()V> (0x00000000852bc030) 
thrown [s\src\hotspot\share\prims\jni.cpp, line 1108]
Event: 8.168 Thread 0x0000021fcf9d9510 Exception <a 'java/lang/NoSuchMethodError'{0x00000000852c8a20}: static Lorg/gradle/internal/build/event/types/DefaultBinaryPluginIdentifier;.<clinit>()V> (0x00000000852c8a20) 
thrown [s\src\hotspot\share\prims\jni.cpp, line 1108]
Event: 8.170 Thread 0x0000021fcf9d9510 Exception <a 'java/lang/NoSuchMethodError'{0x00000000852e2d68}: static Lorg/gradle/internal/build/event/types/DefaultScriptPluginIdentifier;.<clinit>()V> (0x00000000852e2d68) 
thrown [s\src\hotspot\share\prims\jni.cpp, line 1108]

VM Operations (20 events):
Event: 6.240 Executing VM operation: HandshakeAllThreads
Event: 6.240 Executing VM operation: HandshakeAllThreads done
Event: 6.478 Executing VM operation: G1CollectForAllocation
Event: 6.482 Executing VM operation: G1CollectForAllocation done
Event: 6.506 Executing VM operation: G1PauseRemark
Event: 6.509 Executing VM operation: G1PauseRemark done
Event: 6.519 Executing VM operation: G1PauseCleanup
Event: 6.520 Executing VM operation: G1PauseCleanup done
Event: 6.762 Executing VM operation: HandshakeAllThreads
Event: 6.762 Executing VM operation: HandshakeAllThreads done
Event: 6.979 Executing VM operation: G1CollectForAllocation
Event: 6.991 Executing VM operation: G1CollectForAllocation done
Event: 7.321 Executing VM operation: ICBufferFull
Event: 7.322 Executing VM operation: ICBufferFull done
Event: 7.816 Executing VM operation: ICBufferFull
Event: 7.816 Executing VM operation: ICBufferFull done
Event: 8.009 Executing VM operation: ICBufferFull
Event: 8.009 Executing VM operation: ICBufferFull done
Event: 8.139 Executing VM operation: G1CollectForAllocation
Event: 8.143 Executing VM operation: G1CollectForAllocation done

Events (20 events):
Event: 7.038 loading class java/util/LinkedList$LLSpliterator done
Event: 7.050 loading class java/util/Collections$2
Event: 7.050 loading class java/util/Collections$2 done
Event: 7.855 loading class java/util/Collections$ReverseComparator
Event: 7.856 loading class java/util/Collections$ReverseComparator done
Event: 7.856 loading class java/util/Collections$ReverseComparator2
Event: 7.856 loading class java/util/Collections$ReverseComparator2 done
Event: 7.957 Thread 0x0000021fd02261d0 Thread added: 0x0000021fd02261d0
Event: 7.957 Thread 0x0000021fd0222510 Thread added: 0x0000021fd0222510
Event: 7.957 Thread 0x0000021fd0227100 Thread added: 0x0000021fd0227100
Event: 7.957 Thread 0x0000021fd0222a20 Thread added: 0x0000021fd0222a20
Event: 7.957 Thread 0x0000021fd0223e60 Thread added: 0x0000021fd0223e60
Event: 7.957 Thread 0x0000021fd0224370 Thread added: 0x0000021fd0224370
Event: 7.957 Thread 0x0000021fd0227610 Thread added: 0x0000021fd0227610
Event: 8.065 Thread 0x0000021fd02266e0 Thread added: 0x0000021fd02266e0
Event: 8.065 Thread 0x0000021fd0229470 Thread added: 0x0000021fd0229470
Event: 8.160 loading class java/util/stream/SortedOps$RefSortingSink
Event: 8.160 loading class java/util/stream/SortedOps$RefSortingSink done
Event: 8.168 loading class java/time/Ser
Event: 8.169 loading class java/time/Ser done


Dynamic libraries:
0x00007ff6ea870000 - 0x00007ff6ea87a000 	C:\Program Files\Android\Android Studio1\jbr\bin\java.exe
0x00007ffb3a0b0000 - 0x00007ffb3a2a8000 	C:\windows\SYSTEM32\ntdll.dll
0x00007ffb39570000 - 0x00007ffb39631000 	C:\windows\System32\KERNEL32.DLL
0x00007ffb37a00000 - 0x00007ffb37cf6000 	C:\windows\System32\KERNELBASE.dll
0x00007ffb37d00000 - 0x00007ffb37e00000 	C:\windows\System32\ucrtbase.dll
0x00007ffb2dd20000 - 0x00007ffb2dd37000 	C:\Program Files\Android\Android Studio1\jbr\bin\jli.dll
0x00007ffb397a0000 - 0x00007ffb3993f000 	C:\windows\System32\USER32.dll
0x00007ffb379d0000 - 0x00007ffb379f2000 	C:\windows\System32\win32u.dll
0x00007ffb38290000 - 0x00007ffb382bb000 	C:\windows\System32\GDI32.dll
0x00007ffb37e30000 - 0x00007ffb37f47000 	C:\windows\System32\gdi32full.dll
0x00007ffb1f5b0000 - 0x00007ffb1f84a000 	C:\windows\WinSxS\amd64_microsoft.windows.common-controls_6595b64144ccf1df_6.0.19041.4355_none_60b8b9eb71f62e16\COMCTL32.dll
0x00007ffb37930000 - 0x00007ffb379cd000 	C:\windows\System32\msvcp_win.dll
0x00007ffb38bd0000 - 0x00007ffb38c6e000 	C:\windows\System32\msvcrt.dll
0x00007ffb2dd00000 - 0x00007ffb2dd1b000 	C:\Program Files\Android\Android Studio1\jbr\bin\VCRUNTIME140.dll
0x00007ffb38ae0000 - 0x00007ffb38b0f000 	C:\windows\System32\IMM32.DLL
0x00007ffb2dcf0000 - 0x00007ffb2dcfc000 	C:\Program Files\Android\Android Studio1\jbr\bin\vcruntime140_1.dll
0x00007ffb02850000 - 0x00007ffb028dd000 	C:\Program Files\Android\Android Studio1\jbr\bin\msvcp140.dll
0x00007ffae5aa0000 - 0x00007ffae6723000 	C:\Program Files\Android\Android Studio1\jbr\bin\server\jvm.dll
0x00007ffb396f0000 - 0x00007ffb397a0000 	C:\windows\System32\ADVAPI32.dll
0x00007ffb39650000 - 0x00007ffb396f0000 	C:\windows\System32\sechost.dll
0x00007ffb39100000 - 0x00007ffb39223000 	C:\windows\System32\RPCRT4.dll
0x00007ffb37e00000 - 0x00007ffb37e27000 	C:\windows\System32\bcrypt.dll
0x00007ffb36ce0000 - 0x00007ffb36d2b000 	C:\windows\SYSTEM32\POWRPROF.dll
0x00007ffb32160000 - 0x00007ffb32169000 	C:\windows\SYSTEM32\WSOCK32.dll
0x00007ffb1bf10000 - 0x00007ffb1bf37000 	C:\windows\SYSTEM32\WINMM.dll
0x00007ffb2d6f0000 - 0x00007ffb2d6fa000 	C:\windows\SYSTEM32\VERSION.dll
0x00007ffb39db0000 - 0x00007ffb39e1b000 	C:\windows\System32\WS2_32.dll
0x00007ffb36b50000 - 0x00007ffb36b62000 	C:\windows\SYSTEM32\UMPDC.dll
0x00007ffb35f70000 - 0x00007ffb35f82000 	C:\windows\SYSTEM32\kernel.appcore.dll
0x00007ffb30ae0000 - 0x00007ffb30aea000 	C:\Program Files\Android\Android Studio1\jbr\bin\jimage.dll
0x00007ffb354f0000 - 0x00007ffb356d4000 	C:\windows\SYSTEM32\DBGHELP.DLL
0x00007ffb19720000 - 0x00007ffb19754000 	C:\windows\SYSTEM32\dbgcore.DLL
0x00007ffb38050000 - 0x00007ffb380d2000 	C:\windows\System32\bcryptPrimitives.dll
0x00007ffb2f260000 - 0x00007ffb2f26e000 	C:\Program Files\Android\Android Studio1\jbr\bin\instrument.dll
0x00007ffb2fe70000 - 0x00007ffb2fe95000 	C:\Program Files\Android\Android Studio1\jbr\bin\java.dll
0x00007ffb2f3c0000 - 0x00007ffb2f3d8000 	C:\Program Files\Android\Android Studio1\jbr\bin\zip.dll
0x00007ffb382c0000 - 0x00007ffb38a2c000 	C:\windows\System32\SHELL32.dll
0x00007ffb357c0000 - 0x00007ffb35f5e000 	C:\windows\SYSTEM32\windows.storage.dll
0x00007ffb38c70000 - 0x00007ffb38fc3000 	C:\windows\System32\combase.dll
0x00007ffb37180000 - 0x00007ffb371ae000 	C:\windows\SYSTEM32\Wldp.dll
0x00007ffb39030000 - 0x00007ffb390fd000 	C:\windows\System32\OLEAUT32.dll
0x00007ffb38a30000 - 0x00007ffb38add000 	C:\windows\System32\SHCORE.dll
0x00007ffb38b70000 - 0x00007ffb38bc5000 	C:\windows\System32\shlwapi.dll
0x00007ffb37690000 - 0x00007ffb376b4000 	C:\windows\SYSTEM32\profapi.dll
0x00007ffb2ddc0000 - 0x00007ffb2ddd9000 	C:\Program Files\Android\Android Studio1\jbr\bin\net.dll
0x00007ffb31370000 - 0x00007ffb3147a000 	C:\windows\SYSTEM32\WINHTTP.dll
0x00007ffb36ee0000 - 0x00007ffb36f4a000 	C:\windows\system32\mswsock.dll
0x00007ffb2dd40000 - 0x00007ffb2dd56000 	C:\Program Files\Android\Android Studio1\jbr\bin\nio.dll
0x00007ffb2f3b0000 - 0x00007ffb2f3c0000 	C:\Program Files\Android\Android Studio1\jbr\bin\verify.dll
0x00007ffb1d120000 - 0x00007ffb1d147000 	C:\Users\a\.gradle\native\c067742578af261105cb4f569cf0c3c89f3d7b1fecec35dd04571415982c5e48\windows-amd64\native-platform.dll
0x00007ffaf0660000 - 0x00007ffaf07a4000 	C:\Users\a\.gradle\native\38dada09dfb8b06ba9b0570ebf7e218e3eb74d4ef43ca46872605cf95ebc2f47\windows-amd64\native-platform-file-events.dll
0x00007ffb2fe60000 - 0x00007ffb2fe69000 	C:\Program Files\Android\Android Studio1\jbr\bin\management.dll
0x00007ffb2f3f0000 - 0x00007ffb2f3fb000 	C:\Program Files\Android\Android Studio1\jbr\bin\management_ext.dll
0x00007ffb39550000 - 0x00007ffb39558000 	C:\windows\System32\PSAPI.DLL
0x00007ffb370d0000 - 0x00007ffb370e8000 	C:\windows\SYSTEM32\CRYPTSP.dll
0x00007ffb36790000 - 0x00007ffb367c4000 	C:\windows\system32\rsaenh.dll
0x00007ffb37600000 - 0x00007ffb3762e000 	C:\windows\SYSTEM32\USERENV.dll
0x00007ffb370f0000 - 0x00007ffb370fc000 	C:\windows\SYSTEM32\CRYPTBASE.dll
0x00007ffb36b70000 - 0x00007ffb36bab000 	C:\windows\SYSTEM32\IPHLPAPI.DLL
0x00007ffb39640000 - 0x00007ffb39648000 	C:\windows\System32\NSI.dll
0x00007ffb300d0000 - 0x00007ffb300e7000 	C:\windows\SYSTEM32\dhcpcsvc6.DLL
0x00007ffb30800000 - 0x00007ffb3081d000 	C:\windows\SYSTEM32\dhcpcsvc.DLL
0x00007ffb36bb0000 - 0x00007ffb36c7a000 	C:\windows\SYSTEM32\DNSAPI.dll
0x00007ffb30ad0000 - 0x00007ffb30ad7000 	C:\windows\system32\wshunix.dll

dbghelp: loaded successfully - version: 4.0.5 - missing functions: none
symbol engine: initialized successfully - sym options: 0x614 - pdb path: .;C:\Program Files\Android\Android Studio1\jbr\bin;C:\windows\SYSTEM32;C:\windows\WinSxS\amd64_microsoft.windows.common-controls_6595b64144ccf1df_6.0.19041.4355_none_60b8b9eb71f62e16;C:\Program Files\Android\Android Studio1\jbr\bin\server;C:\Users\a\.gradle\native\c067742578af261105cb4f569cf0c3c89f3d7b1fecec35dd04571415982c5e48\windows-amd64;C:\Users\a\.gradle\native\38dada09dfb8b06ba9b0570ebf7e218e3eb74d4ef43ca46872605cf95ebc2f47\windows-amd64

VM Arguments:
jvm_args: --add-opens=java.base/java.util=ALL-UNNAMED --add-opens=java.base/java.lang=ALL-UNNAMED --add-opens=java.base/java.lang.invoke=ALL-UNNAMED --add-opens=java.prefs/java.util.prefs=ALL-UNNAMED --add-opens=java.base/java.nio.charset=ALL-UNNAMED --add-opens=java.base/java.net=ALL-UNNAMED --add-opens=java.base/java.util.concurrent.atomic=ALL-UNNAMED -Xmx2048m -Dfile.encoding=UTF-8 -Duser.country=IN -Duser.language=en -Duser.variant -javaagent:C:\Users\a\.gradle\wrapper\dists\gradle-8.4-bin\1w5dpkrfk8irigvoxmyhowfim\gradle-8.4\lib\agents\gradle-instrumentation-agent-8.4.jar 
java_command: org.gradle.launcher.daemon.bootstrap.GradleDaemon 8.4
java_class_path (initial): C:\Users\a\.gradle\wrapper\dists\gradle-8.4-bin\1w5dpkrfk8irigvoxmyhowfim\gradle-8.4\lib\gradle-launcher-8.4.jar
Launcher Type: SUN_STANDARD

[Global flags]
     intx CICompilerCount                          = 4                                         {product} {ergonomic}
     uint ConcGCThreads                            = 2                                         {product} {ergonomic}
     uint G1ConcRefinementThreads                  = 8                                         {product} {ergonomic}
   size_t G1HeapRegionSize                         = 1048576                                   {product} {ergonomic}
    uintx GCDrainStackTargetSize                   = 64                                        {product} {ergonomic}
   size_t InitialHeapSize                          = 130023424                                 {product} {ergonomic}
   size_t MarkStackSize                            = 4194304                                   {product} {ergonomic}
   size_t MaxHeapSize                              = 2147483648                                {product} {command line}
   size_t MaxNewSize                               = 1287651328                                {product} {ergonomic}
   size_t MinHeapDeltaBytes                        = 1048576                                   {product} {ergonomic}
   size_t MinHeapSize                              = 8388608                                   {product} {ergonomic}
    uintx NonNMethodCodeHeapSize                   = 5839372                                {pd product} {ergonomic}
    uintx NonProfiledCodeHeapSize                  = 122909434                              {pd product} {ergonomic}
    uintx ProfiledCodeHeapSize                     = 122909434                              {pd product} {ergonomic}
    uintx ReservedCodeCacheSize                    = 251658240                              {pd product} {ergonomic}
     bool SegmentedCodeCache                       = true                                      {product} {ergonomic}
   size_t SoftMaxHeapSize                          = 2147483648                             {manageable} {ergonomic}
     bool UseCompressedClassPointers               = true                           {product lp64_product} {ergonomic}
     bool UseCompressedOops                        = true                           {product lp64_product} {ergonomic}
     bool UseG1GC                                  = true                                      {product} {ergonomic}
     bool UseLargePagesIndividualAllocation        = false                                  {pd product} {ergonomic}

Logging:
Log output configuration:
 #0: stdout all=warning uptime,level,tags
 #1: stderr all=off uptime,level,tags

Environment Variables:
PATH=C:\python 3.10\Scripts\;C:\python 3.10\;C:\Program Files\Common Files\Oracle\Java\javapath;C:\windows\system32;C:\windows;C:\windows\System32\Wbem;C:\windows\System32\WindowsPowerShell\v1.0\;C:\windows\System32\OpenSSH\;C:\Program Files\Git\cmd;C:\MinGW\bin;C:\ProgramData\chocolatey\bin;C:\Program Files\MySQL\MySQL Server 8.0\bin;C:\Program Files\MySQL\MySQL Shell 8.0\bin\;C:\Users\a\AppData\Local\Microsoft\WindowsApps;C:\Users\a\AppData\Local\Programs\Microsoft VS Code\bin;C:\Program Files\JetBrains\IntelliJ IDEA Community Edition 2021.3.3\New folder\IntelliJ IDEA Community Edition 2021.3.3\bin;
USERNAME=a
OS=Windows_NT
PROCESSOR_IDENTIFIER=Intel64 Family 6 Model 140 Stepping 1, GenuineIntel
TMP=C:\Users\a\AppData\Local\Temp
TEMP=C:\Users\a\AppData\Local\Temp



Periodic native trim disabled

JNI global refs:
JNI global refs: 26, weak refs: 2

JNI global refs memory usage: 843, weak refs: 841

OOME stack traces (most recent first):
Classloader memory used:
Loader org.gradle.internal.classloader.VisitableURLClassLoader                         : 3413K
Loader bootstrap                                                                       : 2433K
Loader org.gradle.initialization.MixInLegacyTypesClassLoader                           : 1043K
Loader jdk.internal.loader.ClassLoaders$PlatformClassLoader                            : 67011B
Loader jdk.internal.loader.ClassLoaders$AppClassLoader                                 : 28453B
Loader jdk.internal.reflect.DelegatingClassLoader                                      : 20888B
Loader org.gradle.internal.classloader.VisitableURLClassLoader                         : 8126B
Loader org.gradle.internal.classloader.VisitableURLClassLoader$InstrumentingVisitableURLClassLoader: 7180B

Classes loaded by more than one classloader:
Class Program                                                                         : loaded 4 times (x 72B)
Class org.gradle.internal.classpath.ClassPath                                         : loaded 2 times (x 68B)
Class org.gradle.api.internal.classpath.DefaultModuleRegistry                         : loaded 2 times (x 84B)
Class Settings_gradle$1$1                                                             : loaded 2 times (x 72B)
Class org.gradle.api.Action                                                           : loaded 2 times (x 68B)
Class org.gradle.api.internal.DefaultClassPathProvider                                : loaded 2 times (x 74B)
Class org.gradle.internal.installation.GradleInstallation$1                           : loaded 2 times (x 73B)
Class org.gradle.internal.classloader.FilteringClassLoader                            : loaded 2 times (x 103B)
Class org.gradle.internal.classpath.DefaultClassPath$ImmutableUniqueList$Builder      : loaded 2 times (x 73B)
Class org.gradle.internal.classloader.ClassLoaderVisitor                              : loaded 2 times (x 74B)
Class org.gradle.internal.service.DefaultServiceLocator                               : loaded 2 times (x 81B)
Class org.gradle.internal.service.UnknownServiceException                             : loaded 2 times (x 81B)
Class org.gradle.internal.classloader.DefaultClassLoaderFactory                       : loaded 2 times (x 80B)
Class org.gradle.internal.classloader.VisitableURLClassLoader$Spec                    : loaded 2 times (x 72B)
Class org.gradle.api.GradleException                                                  : loaded 2 times (x 80B)
Class org.gradle.api.internal.classpath.ModuleRegistry                                : loaded 2 times (x 68B)
Class org.gradle.api.internal.ClassPathProvider                                       : loaded 2 times (x 68B)
Class org.gradle.internal.classloader.ClasspathUtil$1                                 : loaded 2 times (x 74B)
Class org.gradle.internal.classloader.ClassLoaderFactory                              : loaded 2 times (x 68B)
Class org.gradle.api.internal.classpath.ManifestUtil                                  : loaded 2 times (x 69B)
Class org.gradle.api.specs.Spec                                                       : loaded 2 times (x 68B)
Class org.gradle.internal.IoActions                                                   : loaded 2 times (x 69B)
Class org.gradle.api.internal.classpath.EffectiveClassPath                            : loaded 2 times (x 88B)
Class org.gradle.internal.installation.CurrentGradleInstallation                      : loaded 2 times (x 71B)
Class org.gradle.internal.agents.InstrumentingClassLoader                             : loaded 2 times (x 68B)
Class org.gradle.internal.installation.CurrentGradleInstallationLocator               : loaded 2 times (x 69B)
Class org.gradle.api.internal.classpath.Module                                        : loaded 2 times (x 68B)
Class org.gradle.internal.service.CachingServiceLocator                               : loaded 2 times (x 80B)
Class org.gradle.internal.classpath.DefaultClassPath                                  : loaded 2 times (x 88B)
Class Build_gradle$1                                                                  : loaded 2 times (x 76B)
Class org.gradle.internal.classloader.SystemClassLoaderSpec                           : loaded 2 times (x 69B)
Class org.gradle.api.UncheckedIOException                                             : loaded 2 times (x 80B)
Class org.gradle.internal.installation.GradleInstallation                             : loaded 2 times (x 73B)
Class org.gradle.internal.classloader.ClasspathUtil                                   : loaded 2 times (x 69B)
Class org.gradle.api.internal.DefaultClassPathRegistry                                : loaded 2 times (x 74B)
Class org.gradle.api.internal.classpath.DefaultModuleRegistry$DefaultModule           : loaded 2 times (x 84B)
Class org.gradle.kotlin.dsl.VersionCatalogAccessorsKt                                 : loaded 2 times (x 69B)
Class org.gradle.api.internal.classpath.UnknownModuleException                        : loaded 2 times (x 80B)
Class org.gradle.internal.service.ServiceLookupException                              : loaded 2 times (x 80B)
Class org.gradle.cache.GlobalCache                                                    : loaded 2 times (x 68B)
Class [Lorg.gradle.api.internal.ClassPathProvider;                                    : loaded 2 times (x 67B)
Class org.gradle.util.internal.GUtil                                                  : loaded 2 times (x 69B)
Class org.gradle.internal.classloader.ClassLoaderSpec                                 : loaded 2 times (x 69B)
Class org.gradle.internal.classloader.VisitableURLClassLoader                         : loaded 2 times (x 115B)
Class org.gradle.internal.Cast                                                        : loaded 2 times (x 69B)
Class Build_gradle                                                                    : loaded 2 times (x 70B)
Class org.gradle.api.internal.ClassPathRegistry                                       : loaded 2 times (x 68B)
Class org.gradle.internal.classloader.VisitableURLClassLoader$InstrumentingVisitableURLClassLoader: loaded 2 times (x 121B)
Class org.gradle.internal.classloader.ClassLoaderHierarchy                            : loaded 2 times (x 68B)
Class org.gradle.internal.InternalTransformer                                         : loaded 2 times (x 68B)
Class org.gradle.internal.service.ServiceLocator                                      : loaded 2 times (x 68B)
Class Settings_gradle$1                                                               : loaded 2 times (x 72B)
Class org.gradle.internal.classpath.DefaultClassPath$ImmutableUniqueList              : loaded 2 times (x 159B)
Class org.gradle.internal.classpath.TransformedClassPath                              : loaded 2 times (x 94B)
Class Settings_gradle                                                                 : loaded 2 times (x 126B)


---------------  S Y S T E M  ---------------

OS:
 Windows 10 , 64 bit Build 19041 (10.0.19041.4597)
OS uptime: 0 days 15:29 hours

CPU: total 8 (initial active 8) (4 cores per cpu, 2 threads per core) family 6 model 140 stepping 1 microcode 0x9a, cx8, cmov, fxsr, ht, mmx, 3dnowpref, sse, sse2, sse3, ssse3, sse4.1, sse4.2, popcnt, lzcnt, tsc, tscinvbit, avx, avx2, aes, erms, clmul, bmi1, bmi2, adx, avx512f, avx512dq, avx512cd, avx512bw, avx512vl, sha, fma, vzeroupper, avx512_vpopcntdq, avx512_vpclmulqdq, avx512_vaes, avx512_vnni, clflush, clflushopt, clwb, avx512_vbmi2, avx512_vbmi
Processor Information for all 8 processors :
  Max Mhz: 2419, Current Mhz: 2419, Mhz Limit: 2419

Memory: 4k page, system-wide physical 7834M (152M free)
TotalPageFile size 10634M (AvailPageFile size 0M)
current process WorkingSet (physical memory assigned to process): 246M, peak: 246M
current process commit charge ("private bytes"): 281M, peak: 283M

vm_info: OpenJDK 64-Bit Server VM (17.0.9+0--11185874) for windows-amd64 JRE (17.0.9+0--11185874), built on Dec  6 2023 18:57:44 by "androidbuild" with MS VC++ 16.10 / 16.11 (VS2019)

END.
